<?xml version="1.0" encoding="UTF-8"?>
<Site BuildName="Win32-mingw32-make"
	BuildStamp="20231103-1611-Experimental"
	Name="JOSH-PC"
	Generator="ctest-3.28.0-rc3"
	CompilerName="C:/msys64/mingw64/bin/g++.exe"
	CompilerVersion="11.2.0"
	OSName="Windows"
	Hostname="JOSH-PC"
	OSRelease=" Personal"
	OSVersion=" (Build 19045)"
	OSPlatform="AMD64"
	Is64Bits="1"
	VendorString="AuthenticAMD"
	VendorID="Advanced Micro Devices"
	FamilyID="15"
	ModelID="1"
	ProcessorCacheSize="96"
	NumberOfLogicalCPU="16"
	NumberOfPhysicalCPU="8"
	TotalVirtualMemory="22193"
	TotalPhysicalMemory="16305"
	LogicalProcessorsPerPhysical="2"
	ProcessorClockFrequency="3593"
	>
	<Testing>
		<StartDateTime>Nov 03 11:17 Central Daylight Time</StartDateTime>
		<StartTestTime>1699028243</StartTestTime>
		<TestList/>
		<EndDateTime>Nov 03 11:17 Central Daylight Time</EndDateTime>
		<EndTestTime>1699028243</EndTestTime>
		<ElapsedMinutes>0</ElapsedMinutes>
	</Testing>
</Site>
